生成启动时间为 2018/6/11 18:28:07。
     1>项目“E:\WorkSpace\SeetaFaceEngine\FaceDetection\examples\FaceDetection\FaceDetection.vcxproj”在节点 2 上(Rebuild 个目标)。
     1>ClCompile:
         E:\DevelopEnvirment\VS2013\VC\bin\CL.exe /c /Zi /nologo /W3 /WX- /sdl /O2 /Oi /Oy- /GL /D WIN32 /D NDEBUG /D _WINDOWS /D _USRDLL /D FACEDETECTION_EXPORTS /D _WINDLL /D _UNICODE /D UNICODE /Gm- /EHsc /MD /GS /Gy /fp:precise /Zc:wchar_t /Zc:forScope /Fo"Release\\" /Fd"Release\vc120.pdb" /Gd /TP /analyze- /errorReport:prompt ..\..\src\classifier\lab_boosted_classifier.cpp ..\..\src\classifier\mlp.cpp ..\..\src\classifier\surf_mlp.cpp ..\..\src\face_detection.cpp ..\..\src\feat\lab_feature_map.cpp ..\..\src\feat\surf_feature_map.cpp ..\..\src\fust.cpp ..\..\src\io\lab_boost_model_reader.cpp ..\..\src\io\surf_mlp_model_reader.cpp ..\..\src\util\image_pyramid.cpp ..\..\src\util\nms.cpp
         lab_boosted_classifier.cpp
     1>..\..\src\classifier\lab_boosted_classifier.cpp(32): fatal error C1083: 无法打开包括文件: “classifier/lab_boosted_classifier.h”: No such file or directory
         mlp.cpp
     1>..\..\src\classifier\mlp.cpp(32): fatal error C1083: 无法打开包括文件: “classifier/mlp.h”: No such file or directory
         surf_mlp.cpp
     1>..\..\src\classifier\surf_mlp.cpp(32): fatal error C1083: 无法打开包括文件: “classifier/surf_mlp.h”: No such file or directory
         face_detection.cpp
     1>..\..\src\face_detection.cpp(32): fatal error C1083: 无法打开包括文件: “face_detection.h”: No such file or directory
         lab_feature_map.cpp
     1>..\..\src\feat\lab_feature_map.cpp(32): fatal error C1083: 无法打开包括文件: “feat/lab_feature_map.h”: No such file or directory
         surf_feature_map.cpp
     1>..\..\src\feat\surf_feature_map.cpp(33): fatal error C1083: 无法打开包括文件: “feat/surf_feature_map.h”: No such file or directory
         fust.cpp
     1>..\..\src\fust.cpp(32): fatal error C1083: 无法打开包括文件: “fust.h”: No such file or directory
         lab_boost_model_reader.cpp
     1>..\..\src\io\lab_boost_model_reader.cpp(32): fatal error C1083: 无法打开包括文件: “io/lab_boost_model_reader.h”: No such file or directory
         surf_mlp_model_reader.cpp
     1>..\..\src\io\surf_mlp_model_reader.cpp(32): fatal error C1083: 无法打开包括文件: “io/surf_mlp_model_reader.h”: No such file or directory
         image_pyramid.cpp
     1>..\..\src\util\image_pyramid.cpp(32): fatal error C1083: 无法打开包括文件: “util/image_pyramid.h”: No such file or directory
         nms.cpp
     1>..\..\src\util\nms.cpp(32): fatal error C1083: 无法打开包括文件: “util/nms.h”: No such file or directory
     1>已完成生成项目“E:\WorkSpace\SeetaFaceEngine\FaceDetection\examples\FaceDetection\FaceDetection.vcxproj”(Rebuild 个目标)的操作 - 失败。

生成失败。

已用时间 00:00:00.50
