e:\workspace\qcfacereco\facedetection\facedetection\x64\release\vc120.pdb
e:\workspace\qcfacereco\facedetection\facedetection\x64\release\nms.obj
e:\workspace\qcfacereco\facedetection\facedetection\x64\release\image_pyramid.obj
e:\workspace\qcfacereco\facedetection\facedetection\x64\release\surf_mlp_model_reader.obj
e:\workspace\qcfacereco\facedetection\facedetection\x64\release\lab_boost_model_reader.obj
e:\workspace\qcfacereco\facedetection\facedetection\x64\release\fust.obj
e:\workspace\qcfacereco\facedetection\facedetection\x64\release\surf_feature_map.obj
e:\workspace\qcfacereco\facedetection\facedetection\x64\release\lab_feature_map.obj
e:\workspace\qcfacereco\facedetection\facedetection\x64\release\face_detection.obj
e:\workspace\qcfacereco\facedetection\facedetection\x64\release\surf_mlp.obj
e:\workspace\qcfacereco\facedetection\facedetection\x64\release\mlp.obj
e:\workspace\qcfacereco\facedetection\facedetection\x64\release\lab_boosted_classifier.obj
e:\workspace\qcfacereco\x64\release\facedetection.lib
e:\workspace\qcfacereco\x64\release\facedetection.exp
e:\workspace\qcfacereco\x64\release\facedetection.dll
e:\workspace\qcfacereco\x64\release\facedetection.pdb
e:\workspace\qcfacereco\facedetection\facedetection\x64\release\facedetection.tlog\cl.command.1.tlog
e:\workspace\qcfacereco\facedetection\facedetection\x64\release\facedetection.tlog\cl.read.1.tlog
e:\workspace\qcfacereco\facedetection\facedetection\x64\release\facedetection.tlog\cl.write.1.tlog
e:\workspace\qcfacereco\facedetection\facedetection\x64\release\facedetection.tlog\facedetection.write.1u.tlog
e:\workspace\qcfacereco\facedetection\facedetection\x64\release\facedetection.tlog\link.command.1.tlog
e:\workspace\qcfacereco\facedetection\facedetection\x64\release\facedetection.tlog\link.read.1.tlog
e:\workspace\qcfacereco\facedetection\facedetection\x64\release\facedetection.tlog\link.write.1.tlog
