生成启动时间为 2018/6/11 18:52:09。
     1>项目“E:\WorkSpace\QCFaceReco\FaceDetection\FaceDetection\FaceDetection.vcxproj”在节点 3 上(Rebuild 个目标)。
     1>ClCompile:
         E:\DevelopEnvirment\VS2013\VC\bin\CL.exe /c /ZI /nologo /W3 /WX- /sdl /Od /Oy- /D WIN32 /D _DEBUG /D _WINDOWS /D _USRDLL /D FACEDETECTION_EXPORTS /D _WINDLL /D _UNICODE /D UNICODE /Gm /EHsc /RTC1 /MDd /GS /fp:precise /Zc:wchar_t /Zc:forScope /Fo"Debug\\" /Fd"Debug\vc120.pdb" /Gd /TP /analyze- /errorReport:prompt ..\..\..\..\SeetaFaceEngine\FaceDetection\src\classifier\lab_boosted_classifier.cpp ..\..\..\..\SeetaFaceEngine\FaceDetection\src\classifier\mlp.cpp ..\..\..\..\SeetaFaceEngine\FaceDetection\src\classifier\surf_mlp.cpp ..\..\..\..\SeetaFaceEngine\FaceDetection\src\face_detection.cpp ..\..\..\..\SeetaFaceEngine\FaceDetection\src\feat\lab_feature_map.cpp ..\..\..\..\SeetaFaceEngine\FaceDetection\src\feat\surf_feature_map.cpp ..\..\..\..\SeetaFaceEngine\FaceDetection\src\fust.cpp ..\..\..\..\SeetaFaceEngine\FaceDetection\src\io\lab_boost_model_reader.cpp ..\..\..\..\SeetaFaceEngine\FaceDetection\src\io\surf_mlp_model_reader.cpp ..\..\..\..\SeetaFaceEngine\FaceDetection\src\util\image_pyramid.cpp ..\..\..\..\SeetaFaceEngine\FaceDetection\src\util\nms.cpp
         nms.cpp
     1>e:\seetafaceengine\facedetection\src\util\nms.cpp(32): fatal error C1083: 无法打开包括文件: “util/nms.h”: No such file or directory
         image_pyramid.cpp
     1>e:\seetafaceengine\facedetection\src\util\image_pyramid.cpp(32): fatal error C1083: 无法打开包括文件: “util/image_pyramid.h”: No such file or directory
         surf_mlp_model_reader.cpp
     1>e:\seetafaceengine\facedetection\src\io\surf_mlp_model_reader.cpp(32): fatal error C1083: 无法打开包括文件: “io/surf_mlp_model_reader.h”: No such file or directory
         lab_boost_model_reader.cpp
     1>e:\seetafaceengine\facedetection\src\io\lab_boost_model_reader.cpp(32): fatal error C1083: 无法打开包括文件: “io/lab_boost_model_reader.h”: No such file or directory
         fust.cpp
     1>e:\seetafaceengine\facedetection\src\fust.cpp(32): fatal error C1083: 无法打开包括文件: “fust.h”: No such file or directory
         surf_feature_map.cpp
     1>e:\seetafaceengine\facedetection\src\feat\surf_feature_map.cpp(33): fatal error C1083: 无法打开包括文件: “feat/surf_feature_map.h”: No such file or directory
         lab_feature_map.cpp
     1>e:\seetafaceengine\facedetection\src\feat\lab_feature_map.cpp(32): fatal error C1083: 无法打开包括文件: “feat/lab_feature_map.h”: No such file or directory
         face_detection.cpp
     1>e:\seetafaceengine\facedetection\src\face_detection.cpp(32): fatal error C1083: 无法打开包括文件: “face_detection.h”: No such file or directory
         surf_mlp.cpp
     1>e:\seetafaceengine\facedetection\src\classifier\surf_mlp.cpp(32): fatal error C1083: 无法打开包括文件: “classifier/surf_mlp.h”: No such file or directory
         mlp.cpp
     1>e:\seetafaceengine\facedetection\src\classifier\mlp.cpp(32): fatal error C1083: 无法打开包括文件: “classifier/mlp.h”: No such file or directory
         lab_boosted_classifier.cpp
     1>e:\seetafaceengine\facedetection\src\classifier\lab_boosted_classifier.cpp(32): fatal error C1083: 无法打开包括文件: “classifier/lab_boosted_classifier.h”: No such file or directory
         正在生成代码...
     1>已完成生成项目“E:\WorkSpace\QCFaceReco\FaceDetection\FaceDetection\FaceDetection.vcxproj”(Rebuild 个目标)的操作 - 失败。

生成失败。

已用时间 00:00:00.59
